<?xml version="1.0" encoding="UTF-8"?>
<!-- Generated by org.testng.reporters.JUnitReportReporter -->
<testsuite hostname="SasiPrakash" failures="0" tests="1" name="TestScripts.DigitalDownloadsTestCase" time="3.031" errors="0" timestamp="2024-07-22T11:32:13 IST" skipped="0">
  <testcase classname="TestScripts.DigitalDownloadsTestCase" name="verify_User_Is_Navigate_DigitalDownloads" time="3.031"/>
  <system-out/>
</testsuite> <!-- TestScripts.DigitalDownloadsTestCase -->
