<?xml version="1.0" encoding="UTF-8"?>
<!-- Generated by org.testng.reporters.JUnitReportReporter -->
<testsuite hostname="SasiPrakash" failures="0" tests="3" name="Working_TestNG.Example_InnvocationCount" time="18.873" errors="0" timestamp="2024-07-19T11:19:36 IST" skipped="0">
  <testcase classname="Working_TestNG.Example_InnvocationCount" name="testCase" time="6.084"/>
  <system-out/>
  <testcase classname="Working_TestNG.Example_InnvocationCount" name="testCase" time="7.038"/>
  <system-out/>
  <testcase classname="Working_TestNG.Example_InnvocationCount" name="testCase" time="5.751"/>
  <system-out/>
</testsuite> <!-- Working_TestNG.Example_InnvocationCount -->
