<?xml version="1.0" encoding="UTF-8"?>
<!-- Generated by org.testng.reporters.JUnitReportReporter -->
<testsuite hostname="SasiPrakash" failures="0" tests="1" name="Working_TestNG.Example_SoftAssert" time="6.514" errors="0" timestamp="2024-07-23T10:58:40 IST" skipped="0">
  <testcase classname="Working_TestNG.Example_SoftAssert" name="testCase" time="6.514"/>
  <system-out>
    <![CDATA[Home Page is displayed]]>
  </system-out>
</testsuite> <!-- Working_TestNG.Example_SoftAssert -->
