<?xml version="1.0" encoding="UTF-8"?>
<!-- Generated by org.testng.reporters.JUnitReportReporter -->
<testsuite hostname="SasiPrakash" failures="0" tests="5" name="Working_TestNG.Example_MultipleTestAnnotations" time="0.015" errors="0" timestamp="2024-07-19T10:56:27 IST" skipped="0">
  <testcase classname="Working_TestNG.Example_MultipleTestAnnotations" name="register" time="0.006"/>
  <system-out/>
  <testcase classname="Working_TestNG.Example_MultipleTestAnnotations" name="login" time="0.002"/>
  <system-out/>
  <testcase classname="Working_TestNG.Example_MultipleTestAnnotations" name="searchProduct" time="0.002"/>
  <system-out/>
  <testcase classname="Working_TestNG.Example_MultipleTestAnnotations" name="addToCart" time="0.003"/>
  <system-out/>
  <testcase classname="Working_TestNG.Example_MultipleTestAnnotations" name="placeOrder" time="0.002"/>
  <system-out/>
</testsuite> <!-- Working_TestNG.Example_MultipleTestAnnotations -->
