<?xml version="1.0" encoding="UTF-8"?>
<!-- Generated by org.testng.reporters.JUnitReportReporter -->
<testsuite hostname="SasiPrakash" failures="0" tests="2" name="Working_TestNG.Example_MultipleConfigureAnnotations" time="0.015" errors="0" timestamp="2024-07-21T19:55:02 IST" skipped="0">
  <testcase classname="Working_TestNG.Example_MultipleConfigureAnnotations" name="testCase01" time="0.010"/>
  <system-out/>
  <testcase classname="Working_TestNG.Example_MultipleConfigureAnnotations" name="testCase02" time="0.005"/>
  <system-out/>
</testsuite> <!-- Working_TestNG.Example_MultipleConfigureAnnotations -->
