<?xml version="1.0" encoding="UTF-8"?>
<!-- Generated by org.testng.reporters.JUnitReportReporter -->
<testsuite hostname="SasiPrakash" failures="0" tests="4" name="TestScripts.RegisterTestCase" time="19.986" errors="0" timestamp="2024-07-24T11:17:00 IST" skipped="0">
  <testcase classname="TestScripts.RegisterTestCase" name="verify_User_Is_Able_to_Register" time="4.641"/>
  <system-out>
    <![CDATA[Register Page displayed
verify_User_Is_Able_to_Register is pass]]>
  </system-out>
  <testcase classname="TestScripts.RegisterTestCase" name="verify_User_Is_Able_to_Register" time="6.228"/>
  <system-out>
    <![CDATA[Register Page displayed
verify_User_Is_Able_to_Register is pass]]>
  </system-out>
  <testcase classname="TestScripts.RegisterTestCase" name="verify_User_Is_Able_to_Register" time="4.438"/>
  <system-out>
    <![CDATA[Register Page displayed
verify_User_Is_Able_to_Register is pass]]>
  </system-out>
  <testcase classname="TestScripts.RegisterTestCase" name="verify_User_Is_Able_to_Register" time="4.679"/>
  <system-out>
    <![CDATA[Register Page displayed
verify_User_Is_Able_to_Register is pass]]>
  </system-out>
</testsuite> <!-- TestScripts.RegisterTestCase -->
