<?xml version="1.0" encoding="UTF-8"?>
<!-- Generated by org.testng.reporters.JUnitReportReporter -->
<testsuite hostname="SasiPrakash" failures="0" tests="2" name="Working_TestNG.Example_MultipleAnnotations" time="0.010" errors="0" timestamp="2024-07-20T10:22:05 IST" skipped="0">
  <testcase classname="Working_TestNG.Example_MultipleAnnotations" name="testCase01" time="0.006"/>
  <system-out/>
  <testcase classname="Working_TestNG.Example_MultipleAnnotations" name="testCase02" time="0.004"/>
  <system-out/>
</testsuite> <!-- Working_TestNG.Example_MultipleAnnotations -->
