<?xml version="1.0" encoding="UTF-8"?>
<!-- Generated by org.testng.reporters.JUnitReportReporter -->
<testsuite hostname="SasiPrakash" failures="0" tests="2" name="Working_TestNG.Example_CrossBrowserExecution" time="61.614" errors="0" timestamp="2024-07-22T11:08:12 IST" skipped="0">
  <testcase classname="Working_TestNG.Example_CrossBrowserExecution" name="testCase" time="30.867"/>
  <system-out/>
  <testcase classname="Working_TestNG.Example_CrossBrowserExecution" name="testCase" time="30.747"/>
  <system-out/>
</testsuite> <!-- Working_TestNG.Example_CrossBrowserExecution -->
