<?xml version="1.0" encoding="UTF-8"?>
<!-- Generated by org.testng.reporters.JUnitReportReporter -->
<testsuite hostname="SasiPrakash" failures="0" tests="3" name="Working_TestNG.Example_DataProviders" time="15.739" errors="0" timestamp="2024-07-24T10:19:17 IST" skipped="0">
  <testcase classname="Working_TestNG.Example_DataProviders" name="testCadr" time="4.514"/>
  <system-out/>
  <testcase classname="Working_TestNG.Example_DataProviders" name="testCadr" time="6.532"/>
  <system-out/>
  <testcase classname="Working_TestNG.Example_DataProviders" name="testCadr" time="4.693"/>
  <system-out/>
</testsuite> <!-- Working_TestNG.Example_DataProviders -->
