<?xml version="1.0" encoding="UTF-8"?>
<!-- Generated by org.testng.reporters.JUnitReportReporter -->
<testsuite hostname="SasiPrakash" failures="0" tests="1" name="Working_TestNG.Example_ToSkipExecution" time="0.010" errors="0" timestamp="2024-07-23T10:02:27 IST" skipped="0">
  <testcase classname="Working_TestNG.Example_ToSkipExecution" name="loginTestCase" time="0.010"/>
  <system-out/>
</testsuite> <!-- Working_TestNG.Example_ToSkipExecution -->
