<?xml version="1.0" encoding="UTF-8"?>
<!-- Generated by org.testng.reporters.JUnitReportReporter -->
<testsuite hostname="SasiPrakash" failures="0" tests="2" name="Working_TestNG.Example_enabled" time="0.010" errors="0" timestamp="2024-07-19T11:04:20 IST" skipped="1">
  <testcase classname="Working_TestNG.Example_enabled" name="addtoCartTestcase" time="0.010"/>
  <system-out/>
  <testcase classname="Working_TestNG.Example_enabled" name="addtoWishlistTestCase">
    <skipped/>
  </testcase> <!-- addtoWishlistTestCase -->
  <system-out/>
</testsuite> <!-- Working_TestNG.Example_enabled -->
