<?xml version="1.0" encoding="UTF-8"?>
<!-- Generated by org.testng.reporters.JUnitReportReporter -->
<testsuite hostname="SasiPrakash" failures="0" tests="1" name="Working_TestNG.Example_TestAnnotation" time="0.009" errors="0" timestamp="2024-07-19T10:45:11 IST" skipped="0">
  <testcase classname="Working_TestNG.Example_TestAnnotation" name="testCase" time="0.009"/>
  <system-out/>
</testsuite> <!-- Working_TestNG.Example_TestAnnotation -->
